<?xml version="1.0" encoding="UTF-8"?>
<!-- Generated by org.testng.reporters.JUnitXMLReporter -->
<testsuite ignored="0" hostname="LAPTOP-2P7ONLG1" failures="0" tests="4" name="Default test" time="2.806" errors="0" timestamp="2024-04-17T15:31:06 IST">
  <testcase classname="com.rest.test.getResponse" name="checkStatusCode" time="2.018"/>
  <testcase classname="com.rest.test.getResponse" name="fetch_AED_price" time="0.176"/>
  <testcase classname="com.rest.test.getResponse" name="validate_response_json_schema" time="0.464"/>
  <testcase classname="com.rest.test.getResponse" name="verify_currency_pair_count" time="0.1"/>
</testsuite> <!-- Default test -->
