<?xml version="1.0" encoding="UTF-8"?>
<!-- Generated by org.testng.reporters.JUnitXMLReporter -->
<testsuite ignored="0" hostname="LAPTOP-2P7ONLG1" failures="1" tests="4" name="Test" time="2.339" errors="0" timestamp="2024-04-17T12:55:39 IST">
  <testcase classname="com.rest.test.getResponse" name="checkStatusCode" time="1.773"/>
  <testcase classname="com.rest.test.getResponse" name="fetch_AED_price" time="0.084">
    <failure type="java.lang.ClassCastException" message="class java.lang.Float cannot be cast to class java.lang.Integer (java.lang.Float and java.lang.Integer are in module java.base of loader &amp;apos;bootstrap&amp;apos;)">
      <![CDATA[java.lang.ClassCastException: class java.lang.Float cannot be cast to class java.lang.Integer (java.lang.Float and java.lang.Integer are in module java.base of loader 'bootstrap')
at com.rest.test.getResponse.fetch_AED_price(getResponse.java:36)
at java.base/java.util.ArrayList.forEach(ArrayList.java:1511)
... Removed 27 stack frames]]>
    </failure>
  </testcase> <!-- fetch_AED_price -->
  <testcase classname="com.rest.test.getResponse" name="validate_response_json_schema" time="0.337"/>
  <testcase classname="com.rest.test.getResponse" name="verify_currency_pair_count" time="0.112"/>
</testsuite> <!-- Test -->
