<?xml version="1.0" encoding="UTF-8"?>
<testng-results ignored="0" total="4" passed="4" failed="0" skipped="0">
  <reporter-output>
  </reporter-output>
  <suite started-at="2024-04-17T15:31:03 IST" name="Default suite" finished-at="2024-04-17T15:31:06 IST" duration-ms="2806">
    <groups>
    </groups>
    <test started-at="2024-04-17T15:31:03 IST" name="Default test" finished-at="2024-04-17T15:31:06 IST" duration-ms="2806">
      <class name="com.rest.test.getResponse">
        <test-method signature="checkStatusCode()[pri:0, instance:com.rest.test.getResponse@4310d43]" started-at="2024-04-17T15:31:03 IST" name="checkStatusCode" finished-at="2024-04-17T15:31:05 IST" duration-ms="2018" status="PASS">
          <reporter-output>
          </reporter-output>
        </test-method> <!-- checkStatusCode -->
        <test-method signature="fetch_AED_price()[pri:0, instance:com.rest.test.getResponse@4310d43]" started-at="2024-04-17T15:31:05 IST" name="fetch_AED_price" finished-at="2024-04-17T15:31:05 IST" duration-ms="176" status="PASS">
          <reporter-output>
          </reporter-output>
        </test-method> <!-- fetch_AED_price -->
        <test-method signature="validate_response_json_schema()[pri:0, instance:com.rest.test.getResponse@4310d43]" started-at="2024-04-17T15:31:05 IST" name="validate_response_json_schema" finished-at="2024-04-17T15:31:05 IST" duration-ms="464" status="PASS">
          <reporter-output>
          </reporter-output>
        </test-method> <!-- validate_response_json_schema -->
        <test-method signature="verify_currency_pair_count()[pri:0, instance:com.rest.test.getResponse@4310d43]" started-at="2024-04-17T15:31:05 IST" name="verify_currency_pair_count" finished-at="2024-04-17T15:31:06 IST" duration-ms="100" status="PASS">
          <reporter-output>
          </reporter-output>
        </test-method> <!-- verify_currency_pair_count -->
      </class> <!-- com.rest.test.getResponse -->
    </test> <!-- Default test -->
  </suite> <!-- Default suite -->
</testng-results>
